[36592:27676:0906/112730.073:WARNING:chrome_command_line_pref_store.cc(121)] Additional command-line proxy switches specified when --no-proxy-server was also specified.
[36592:27676:0906/112730.077:WARNING:chrome_command_line_pref_store.cc(121)] Additional command-line proxy switches specified when --no-proxy-server was also specified.
[36592:27676:0906/112730.127:WARNING:chrome_command_line_pref_store.cc(121)] Additional command-line proxy switches specified when --no-proxy-server was also specified.
[36592:27676:0906/112730.901:INFO:CONSOLE(1706)] "INIT    === Start of processExistingTabs.  refresh: false", source: chrome-extension://kkajamgkpopgpngiednalmgbfhldgcod/BS.js (1706)
[36592:27676:0906/112730.902:INFO:CONSOLE(1706)] "INIT    === Start of processExistingTabs.  refresh: true", source: chrome-extension://kkajamgkpopgpngiednalmgbfhldgcod/BS.js (1706)
[36592:27676:0906/112730.903:INFO:CONSOLE(1708)] "INIT    === chrome.tabs.query result.  tabs.length: 1", source: chrome-extension://kkajamgkpopgpngiednalmgbfhldgcod/BS.js (1708)
[36592:27676:0906/112730.903:INFO:CONSOLE(1714)] "INIT    === Got pre-exiting tab.  i:  0, tabId: 2, url: file:///C:/Users/SHUBHA~1.SAI/AppData/Local/Temp/ProvarChromeIde5824640532988021574/provarPort=57527&idePort=65147&sessionId=7&subSessionId=2&connectionName=Admin:Admin&devMode=false&showEnhancedXpathEditor=true&dmwAttempt=0&dmwCloseTimeInSec=2000&useTargetXpaths=false.html, existingTab: undefined", source: chrome-extension://kkajamgkpopgpngiednalmgbfhldgcod/BS.js (1714)
[36592:27676:0906/112730.903:INFO:CONSOLE(1722)] "INIT    === Created connectionDetails for new tab", source: chrome-extension://kkajamgkpopgpngiednalmgbfhldgcod/BS.js (1722)
[36592:27676:0906/112730.903:INFO:CONSOLE(1726)] "INIT    === Set focused tab.  focusedTabId: 2", source: chrome-extension://kkajamgkpopgpngiednalmgbfhldgcod/BS.js (1726)
[36592:27676:0906/112730.904:INFO:CONSOLE(1708)] "INIT    === chrome.tabs.query result.  tabs.length: 1", source: chrome-extension://kkajamgkpopgpngiednalmgbfhldgcod/BS.js (1708)
[36592:27676:0906/112730.904:INFO:CONSOLE(1714)] "INIT    === Got pre-exiting tab.  i:  0, tabId: 2, url: file:///C:/Users/SHUBHA~1.SAI/AppData/Local/Temp/ProvarChromeIde5824640532988021574/provarPort=57527&idePort=65147&sessionId=7&subSessionId=2&connectionName=Admin:Admin&devMode=false&showEnhancedXpathEditor=true&dmwAttempt=0&dmwCloseTimeInSec=2000&useTargetXpaths=false.html, existingTab: [object Object]", source: chrome-extension://kkajamgkpopgpngiednalmgbfhldgcod/BS.js (1714)
[36592:27676:0906/112730.932:INFO:CONSOLE(7374)] "crbug/1173575, non-JS module files deprecated.", source: chrome-error://chromewebdata/ (7374)
[36592:27676:0906/112730.938:INFO:CONSOLE(1211)] "Sending request to Provar to get strategies", source: chrome-extension://kkajamgkpopgpngiednalmgbfhldgcod/BS.js (1211)
[36592:27676:0906/112730.962:INFO:CONSOLE(2308)] "dispatchMessage - resolving response:  [object Object]", source: chrome-extension://kkajamgkpopgpngiednalmgbfhldgcod/BS.js (2308)
[36592:27676:0906/112732.897:ERROR:device_event_log_impl.cc(214)] [11:27:32.897] USB: usb_device_handle_win.cc:1048 Failed to read descriptor from node connection: A device attached to the system is not functioning. (0x1F)
[36592:27676:0906/112732.897:ERROR:device_event_log_impl.cc(214)] [11:27:32.897] USB: usb_device_handle_win.cc:1048 Failed to read descriptor from node connection: A device attached to the system is not functioning. (0x1F)
[36592:27676:0906/112735.892:INFO:CONSOLE(1706)] "INIT    === Start of processExistingTabs.  refresh: true", source: chrome-extension://kkajamgkpopgpngiednalmgbfhldgcod/BS.js (1706)
[36592:27676:0906/112735.894:INFO:CONSOLE(1708)] "INIT    === chrome.tabs.query result.  tabs.length: 1", source: chrome-extension://kkajamgkpopgpngiednalmgbfhldgcod/BS.js (1708)
[36592:27676:0906/112735.894:INFO:CONSOLE(1714)] "INIT    === Got pre-exiting tab.  i:  0, tabId: 2, url: https://provartesting36-dev-ed--c.documentforce.com/secur/contentDoor?startURL=https%3A%2F%2Fprovartesting36-dev-ed.my.salesforce.com%2Flightning%2Fapp%2F06m5g000003aSi1AAE&sid=00D5g00000A4Dd1%21AQIAQHs6i1JJqt9ikqpPhfwOg3DCmbMuT06pXEz91O2VPrsCsLzUy8GcqhHGX4T6Sw0objPetDWUi4Cm0ttp7egVEsOv10.J&skipRedirect=1&lm=eyJlbmMiOiJBMjU2R0NNIiwiYXVkIjoiMDBENWcwMDAwMEE0RGQxIiwia2lkIjoie1widFwiOlwiMDBENWcwMDAwMEE0RGQxXCIsXCJ2XCI6XCIwMkc1ZzAwMDAwMHF5VnlcIixcImFcIjpcImNvbnRlbnRkb29ydXNlcnRyYW5zaWVudGtleWVuY3J5cHRcIixcInVcIjpcIjAwNTVnMDAwMDBDWHNsdlwifSIsImNyaXQiOlsiaWF0Il0sImlhdCI6MTYzMDkwNzg1MzkwNCwiZXhwIjowfQ%3D%3D..Xm7FpqEOkCsNTX38.u0eCH0wpzrOcYKnDkOYi5A%3D%3D.tDI3hsByodstN8nMDKAJDw%3D%3D, existingTab: [object Object]", source: chrome-extension://kkajamgkpopgpngiednalmgbfhldgcod/BS.js (1714)
[36592:27676:0906/112742.118:INFO:CONSOLE(37)] "[object Object]", source: https://provartesting36-dev-ed.lightning.force.com/libraries/instrumentation/beaconLib.BeaconLibrary.js (37)
[36592:27676:0906/112746.550:INFO:CONSOLE(37)] "[object Object]", source: https://provartesting36-dev-ed.lightning.force.com/libraries/instrumentation/beaconLib.BeaconLibrary.js (37)
[36592:27676:0906/112754.642:INFO:CONSOLE(37)] "[object Object]", source: https://provartesting36-dev-ed.lightning.force.com/libraries/instrumentation/beaconLib.BeaconLibrary.js (37)
[36592:27676:0906/112802.000:INFO:CONSOLE(1434)] "[object HTMLDivElement]", source:  (1434)
[36592:27676:0906/112802.228:INFO:CONSOLE(1434)] "[object HTMLDivElement]", source:  (1434)
[36592:27676:0906/112802.309:INFO:CONSOLE(1434)] "[object HTMLDivElement]", source:  (1434)
[36592:27676:0906/112802.643:INFO:CONSOLE(1434)] "[object HTMLDivElement]", source:  (1434)
[36592:27676:0906/112811.771:INFO:CONSOLE(37)] "[object Object]", source: https://provartesting36-dev-ed.lightning.force.com/libraries/instrumentation/beaconLib.BeaconLibrary.js (37)
[36592:27676:0906/112812.653:INFO:CONSOLE(1434)] "[object HTMLDivElement]", source:  (1434)
[36592:27676:0906/112814.185:INFO:CONSOLE(1434)] "[object HTMLDivElement]", source:  (1434)
[36592:27676:0906/112814.510:INFO:CONSOLE(1434)] "[object HTMLTableRowElement],[object HTMLTableRowElement],[object HTMLTableRowElement],[object HTMLTableRowElement],[object HTMLTableRowElement]", source:  (1434)
[36592:27676:0906/112818.426:INFO:CONSOLE(1434)] "[object HTMLDivElement]", source:  (1434)
[36592:27676:0906/112818.570:INFO:CONSOLE(1434)] "[object HTMLDivElement]", source:  (1434)
[36592:27676:0906/112818.648:INFO:CONSOLE(1434)] "[object HTMLDivElement]", source:  (1434)
[36592:27676:0906/112818.834:INFO:CONSOLE(1434)] "[object HTMLDivElement]", source:  (1434)
[36592:27676:0906/112820.229:INFO:CONSOLE(1434)] "[object HTMLAnchorElement],[object HTMLAnchorElement],[object HTMLAnchorElement],[object HTMLAnchorElement]", source:  (1434)
[36592:27676:0906/112821.564:INFO:CONSOLE(1434)] "[object HTMLDivElement]", source:  (1434)
[36592:27676:0906/112821.694:INFO:CONSOLE(1434)] "[object HTMLDivElement]", source:  (1434)
[36592:27676:0906/112821.753:INFO:CONSOLE(1434)] "[object HTMLDivElement]", source:  (1434)
[36592:27676:0906/112821.912:INFO:CONSOLE(1434)] "[object HTMLDivElement]", source:  (1434)
[36592:27676:0906/112823.351:INFO:CONSOLE(1434)] "[object HTMLAnchorElement],[object HTMLAnchorElement],[object HTMLAnchorElement],[object HTMLAnchorElement]", source:  (1434)
[36592:27676:0906/112824.648:INFO:CONSOLE(1434)] "[object HTMLDivElement]", source:  (1434)
[36592:27676:0906/112824.773:INFO:CONSOLE(1434)] "[object HTMLDivElement]", source:  (1434)
[36592:27676:0906/112824.841:INFO:CONSOLE(1434)] "[object HTMLDivElement]", source:  (1434)
[36592:27676:0906/112824.987:INFO:CONSOLE(1434)] "[object HTMLDivElement]", source:  (1434)
[36592:27676:0906/112825.593:INFO:CONSOLE(1434)] "[object HTMLSpanElement]", source:  (1434)
[36592:27676:0906/112827.995:INFO:CONSOLE(1434)] "[object HTMLDivElement]", source:  (1434)
[36592:27676:0906/112829.065:INFO:CONSOLE(1434)] "[object HTMLDivElement]", source:  (1434)
[36592:27676:0906/112829.211:INFO:CONSOLE(1434)] "[object HTMLDivElement]", source:  (1434)
[36592:27676:0906/112829.285:INFO:CONSOLE(1434)] "[object HTMLDivElement]", source:  (1434)
[36592:27676:0906/112829.503:INFO:CONSOLE(1434)] "[object HTMLDivElement]", source:  (1434)
[36592:27676:0906/112830.068:INFO:CONSOLE(1434)] "[object HTMLSpanElement],[object HTMLSpanElement]", source:  (1434)
[36592:27676:0906/112833.599:INFO:CONSOLE(1434)] "[object HTMLDivElement]", source:  (1434)
[36592:27676:0906/112834.369:INFO:CONSOLE(1434)] "[object HTMLDivElement]", source:  (1434)
[36592:27676:0906/112834.510:INFO:CONSOLE(1434)] "[object HTMLDivElement]", source:  (1434)
[36592:27676:0906/112834.588:INFO:CONSOLE(1434)] "[object HTMLDivElement]", source:  (1434)
[36592:27676:0906/112834.725:INFO:CONSOLE(1434)] "[object HTMLDivElement]", source:  (1434)
[36592:27676:0906/112836.166:INFO:CONSOLE(1434)] "[object HTMLAnchorElement],[object HTMLAnchorElement],[object HTMLAnchorElement]", source:  (1434)
[36592:27676:0906/112837.575:INFO:CONSOLE(1434)] "[object HTMLDivElement]", source:  (1434)
[36592:27676:0906/112837.737:INFO:CONSOLE(1434)] "[object HTMLDivElement]", source:  (1434)
[36592:27676:0906/112837.805:INFO:CONSOLE(1434)] "[object HTMLDivElement]", source:  (1434)
[36592:27676:0906/112837.959:INFO:CONSOLE(1434)] "[object HTMLDivElement]", source:  (1434)
[36592:27676:0906/112839.899:INFO:CONSOLE(1434)] "[object HTMLDivElement]", source:  (1434)
[36592:27676:0906/112840.005:INFO:CONSOLE(1434)] "[object HTMLDivElement]", source:  (1434)
[36592:27676:0906/112844.140:INFO:CONSOLE(37)] "[object Object]", source: https://provartesting36-dev-ed.lightning.force.com/libraries/instrumentation/beaconLib.BeaconLibrary.js (37)
[36592:27676:0906/112846.249:INFO:CONSOLE(1)] "<lightning-icon> Invalid icon name utility:", source: https://provartesting36-dev-ed.lightning.force.com/components/lightning/icon.js (1)
[36592:27676:0906/112910.398:INFO:CONSOLE(1434)] "[object HTMLDivElement]", source:  (1434)
[36592:27676:0906/112913.046:INFO:CONSOLE(1434)] "[object HTMLElement]", source:  (1434)
[36592:27676:0906/112914.037:INFO:CONSOLE(1434)] "[object HTMLDivElement],[object HTMLSpanElement]", source:  (1434)
[36592:27676:0906/112914.445:INFO:CONSOLE(1434)] "[object HTMLDivElement]", source:  (1434)
[36592:27676:0906/112919.315:INFO:CONSOLE(1434)] "[object HTMLElement]", source:  (1434)
[36592:27676:0906/112919.646:INFO:CONSOLE(1434)] "[object HTMLButtonElement]", source:  (1434)
[36592:27676:0906/112920.295:INFO:CONSOLE(1434)] "[object HTMLButtonElement]", source:  (1434)
[36592:27676:0906/112922.115:INFO:CONSOLE(37)] "[object Object]", source: https://provartesting36-dev-ed.lightning.force.com/libraries/instrumentation/beaconLib.BeaconLibrary.js (37)
[36592:27676:0906/112929.763:INFO:CONSOLE(1434)] "[object HTMLDivElement]", source:  (1434)
[36592:27676:0906/112930.048:INFO:CONSOLE(1434)] "[object HTMLDivElement]", source:  (1434)
[36592:27676:0906/112930.186:INFO:CONSOLE(1434)] "[object HTMLDivElement]", source:  (1434)
[36592:27676:0906/112930.474:INFO:CONSOLE(1434)] "[object HTMLDivElement]", source:  (1434)
[36592:27676:0906/112932.416:INFO:CONSOLE(1434)] "[object HTMLDivElement]", source:  (1434)
[36592:27676:0906/112932.525:INFO:CONSOLE(1434)] "[object HTMLDivElement]", source:  (1434)
[36592:27676:0906/112934.439:INFO:CONSOLE(37)] "[object Object]", source: https://provartesting36-dev-ed.lightning.force.com/libraries/instrumentation/beaconLib.BeaconLibrary.js (37)
[36592:27676:0906/112938.541:INFO:CONSOLE(1)] "<lightning-icon> Invalid icon name utility:", source: https://provartesting36-dev-ed.lightning.force.com/components/lightning/icon.js (1)
[36592:27676:0906/114053.918:WARNING:pref_notifier_impl.cc(40)] Pref observer for media_router.cast_allow_all_ips found at shutdown.
